2024-11-28 22:04:33 [INFO ] c.l.demo.LearningDemoApplication - Starting LearningDemoApplication using Java 11.0.3 on yueheweideMacBook-Pro.local with PID 53125 (/Users/yuehewei/kuaishou-java/Daily-Learning/learning-demo-api/target/classes started by yuehewei in /Users/yuehewei/kuaishou-java/Daily-Learning)
2024-11-28 22:04:33 [INFO ] c.l.demo.LearningDemoApplication - The following profiles are active: dev
2024-11-28 22:04:36 [INFO ] o.a.coyote.http11.Http11NioProtocol - Initializing ProtocolHandler ["http-nio-8888"]
2024-11-28 22:04:36 [INFO ] o.a.catalina.core.StandardService - Starting service [Tomcat]
2024-11-28 22:04:36 [INFO ] o.a.catalina.core.StandardEngine - Starting Servlet engine: [Apache Tomcat/9.0.54]
2024-11-28 22:04:36 [INFO ] o.a.c.c.C.[Tomcat].[localhost].[/] - Initializing Spring embedded WebApplicationContext
2024-11-28 22:04:43 [INFO ] o.a.coyote.http11.Http11NioProtocol - Starting ProtocolHandler ["http-nio-8888"]
2024-11-28 22:04:43 [INFO ] c.l.demo.LearningDemoApplication - Started LearningDemoApplication in 11.565 seconds (JVM running for 19.72)
2024-11-28 22:05:21 [INFO ] o.a.c.c.C.[Tomcat].[localhost].[/] - Initializing Spring DispatcherServlet 'dispatcherServlet'
2024-11-28 22:05:21 [INFO ] c.l.demo.event.MyEventListener - Received spring custom event - 查询列表被监听
2024-11-28 22:05:21 [INFO ] com.zaxxer.hikari.HikariDataSource - HikariPool-1 - Starting...
2024-11-28 22:05:21 [WARN ] c.z.hikari.util.DriverDataSource - Registered driver with driverClassName=com.mysql.jdbc.Driver was not found, trying direct instantiation.
2024-11-28 22:05:21 [INFO ] com.zaxxer.hikari.HikariDataSource - HikariPool-1 - Start completed.
2024-11-28 22:05:21 [INFO ] com.learning.demo.aop.LoggingAspect - ResponseResult com.learning.demo.controller.UserController.list(User) executed in 619ms
2024-11-28 22:27:26 [WARN ] com.zaxxer.hikari.pool.HikariPool - HikariPool-1 - Thread starvation or clock leap detected (housekeeper delta=16m5s106ms).
2024-11-28 22:44:58 [WARN ] com.zaxxer.hikari.pool.HikariPool - HikariPool-1 - Thread starvation or clock leap detected (housekeeper delta=16m1s843ms).
2024-11-28 23:07:07 [WARN ] com.zaxxer.hikari.pool.HikariPool - HikariPool-1 - Thread starvation or clock leap detected (housekeeper delta=17m38s849ms).
2024-11-28 23:24:12 [WARN ] com.zaxxer.hikari.pool.HikariPool - HikariPool-1 - Thread starvation or clock leap detected (housekeeper delta=15m35s27ms).
2024-11-28 23:42:33 [WARN ] com.zaxxer.hikari.pool.HikariPool - HikariPool-1 - Thread starvation or clock leap detected (housekeeper delta=16m20s875ms).
2024-11-29 00:00:51 [WARN ] com.zaxxer.hikari.pool.HikariPool - HikariPool-1 - Thread starvation or clock leap detected (housekeeper delta=15m47s514ms).
2024-11-29 00:11:15 [WARN ] com.zaxxer.hikari.pool.HikariPool - HikariPool-1 - Thread starvation or clock leap detected (housekeeper delta=9m54s102ms).
2024-11-29 00:28:38 [WARN ] com.zaxxer.hikari.pool.HikariPool - HikariPool-1 - Thread starvation or clock leap detected (housekeeper delta=15m52s607ms).
2024-11-29 00:44:52 [WARN ] com.zaxxer.hikari.pool.HikariPool - HikariPool-1 - Thread starvation or clock leap detected (housekeeper delta=16m14s103ms).
2024-11-29 01:05:43 [WARN ] com.zaxxer.hikari.pool.HikariPool - HikariPool-1 - Thread starvation or clock leap detected (housekeeper delta=16m51s774ms).
2024-11-29 01:25:40 [WARN ] com.zaxxer.hikari.pool.HikariPool - HikariPool-1 - Thread starvation or clock leap detected (housekeeper delta=17m26s424ms).
2024-11-29 01:42:43 [WARN ] com.zaxxer.hikari.pool.HikariPool - HikariPool-1 - Thread starvation or clock leap detected (housekeeper delta=15m33s455ms).
2024-11-29 01:59:52 [WARN ] com.zaxxer.hikari.pool.HikariPool - HikariPool-1 - Thread starvation or clock leap detected (housekeeper delta=15m38s402ms).
2024-11-29 02:17:51 [WARN ] com.zaxxer.hikari.pool.HikariPool - HikariPool-1 - Thread starvation or clock leap detected (housekeeper delta=15m58s857ms).
2024-11-29 02:34:57 [WARN ] com.zaxxer.hikari.pool.HikariPool - HikariPool-1 - Thread starvation or clock leap detected (housekeeper delta=15m36s13ms).
2024-11-29 02:54:27 [WARN ] com.zaxxer.hikari.pool.HikariPool - HikariPool-1 - Thread starvation or clock leap detected (housekeeper delta=17m579ms).
2024-11-29 03:13:27 [WARN ] com.zaxxer.hikari.pool.HikariPool - HikariPool-1 - Thread starvation or clock leap detected (housekeeper delta=16m59s673ms).
2024-11-29 03:31:54 [WARN ] com.zaxxer.hikari.pool.HikariPool - HikariPool-1 - Thread starvation or clock leap detected (housekeeper delta=16m26s912ms).
2024-11-29 03:51:46 [WARN ] com.zaxxer.hikari.pool.HikariPool - HikariPool-1 - Thread starvation or clock leap detected (housekeeper delta=18m21s631ms).
2024-11-29 04:09:31 [WARN ] com.zaxxer.hikari.pool.HikariPool - HikariPool-1 - Thread starvation or clock leap detected (housekeeper delta=15m44s909ms).
2024-11-29 04:29:42 [WARN ] com.zaxxer.hikari.pool.HikariPool - HikariPool-1 - Thread starvation or clock leap detected (housekeeper delta=16m11s69ms).
2024-11-29 04:48:47 [WARN ] com.zaxxer.hikari.pool.HikariPool - HikariPool-1 - Thread starvation or clock leap detected (housekeeper delta=17m5s603ms).
2024-11-29 05:04:19 [WARN ] com.zaxxer.hikari.pool.HikariPool - HikariPool-1 - Thread starvation or clock leap detected (housekeeper delta=15m31s87ms).
2024-11-29 05:22:06 [WARN ] com.zaxxer.hikari.pool.HikariPool - HikariPool-1 - Thread starvation or clock leap detected (housekeeper delta=15m47s612ms).
2024-11-29 05:40:26 [WARN ] com.zaxxer.hikari.pool.HikariPool - HikariPool-1 - Thread starvation or clock leap detected (housekeeper delta=16m19s823ms).
2024-11-29 05:58:07 [WARN ] com.zaxxer.hikari.pool.HikariPool - HikariPool-1 - Thread starvation or clock leap detected (housekeeper delta=16m10s645ms).
2024-11-29 06:10:46 [WARN ] com.zaxxer.hikari.pool.HikariPool - HikariPool-1 - Thread starvation or clock leap detected (housekeeper delta=10m38s978ms).
2024-11-29 06:30:11 [WARN ] com.zaxxer.hikari.pool.HikariPool - HikariPool-1 - Thread starvation or clock leap detected (housekeeper delta=17m55s110ms).
2024-11-29 06:48:40 [WARN ] com.zaxxer.hikari.pool.HikariPool - HikariPool-1 - Thread starvation or clock leap detected (housekeeper delta=15m59s182ms).
2024-11-29 07:07:44 [WARN ] com.zaxxer.hikari.pool.HikariPool - HikariPool-1 - Thread starvation or clock leap detected (housekeeper delta=17m34s222ms).
2024-11-29 07:11:24 [WARN ] com.zaxxer.hikari.pool.HikariPool - HikariPool-1 - Thread starvation or clock leap detected (housekeeper delta=2m9s925ms).
2024-11-29 07:32:22 [WARN ] com.zaxxer.hikari.pool.HikariPool - HikariPool-1 - Thread starvation or clock leap detected (housekeeper delta=16m57s851ms).
2024-11-29 07:50:28 [WARN ] com.zaxxer.hikari.pool.HikariPool - HikariPool-1 - Thread starvation or clock leap detected (housekeeper delta=16m35s867ms).
2024-11-29 08:08:21 [WARN ] com.zaxxer.hikari.pool.HikariPool - HikariPool-1 - Thread starvation or clock leap detected (housekeeper delta=15m52s766ms).
2024-11-29 08:12:26 [WARN ] com.zaxxer.hikari.pool.HikariPool - HikariPool-1 - Thread starvation or clock leap detected (housekeeper delta=2m4s790ms).
2024-11-29 08:30:35 [WARN ] com.zaxxer.hikari.pool.HikariPool - HikariPool-1 - Thread starvation or clock leap detected (housekeeper delta=16m9s692ms).
2024-11-29 08:49:38 [WARN ] com.zaxxer.hikari.pool.HikariPool - HikariPool-1 - Thread starvation or clock leap detected (housekeeper delta=17m2s642ms).
2024-11-29 09:07:42 [WARN ] com.zaxxer.hikari.pool.HikariPool - HikariPool-1 - Thread starvation or clock leap detected (housekeeper delta=16m4s228ms).
2024-11-29 09:13:32 [WARN ] com.zaxxer.hikari.pool.HikariPool - HikariPool-1 - Thread starvation or clock leap detected (housekeeper delta=5m19s761ms).
2024-11-29 09:30:02 [WARN ] com.zaxxer.hikari.pool.HikariPool - HikariPool-1 - Thread starvation or clock leap detected (housekeeper delta=16m62ms).
2024-11-29 09:47:58 [WARN ] com.zaxxer.hikari.pool.HikariPool - HikariPool-1 - Thread starvation or clock leap detected (housekeeper delta=16m26s2ms).
2024-11-29 09:54:59 [WARN ] com.zaxxer.hikari.pool.HikariPool - HikariPool-1 - Thread starvation or clock leap detected (housekeeper delta=6m30s969ms).
2024-11-29 10:28:48 [WARN ] com.zaxxer.hikari.pool.HikariPool - HikariPool-1 - Thread starvation or clock leap detected (housekeeper delta=13m44s574ms).
2024-11-29 11:11:37 [WARN ] o.m.s.mapper.ClassPathMapperScanner - No MyBatis mapper was found in '[com.learning.demo.mapper]' package. Please check your configuration.
2024-11-29 11:11:37 [INFO ] c.l.demo.event.MyEventListener - Received spring custom event - 查询列表被监听
2024-11-29 11:11:37 [INFO ] com.learning.demo.aop.LoggingAspect - ResponseResult com.learning.demo.controller.UserController.list(User) executed in 269ms
2024-11-29 11:11:44 [INFO ] com.zaxxer.hikari.HikariDataSource - HikariPool-1 - Shutdown initiated...
2024-11-29 11:11:44 [INFO ] com.zaxxer.hikari.HikariDataSource - HikariPool-1 - Shutdown completed.
2024-11-29 11:12:01 [INFO ] c.l.demo.LearningDemoApplication - Starting LearningDemoApplication using Java 11.0.3 on yueheweideMacBook-Pro.local with PID 7915 (/Users/yuehewei/kuaishou-java/Daily-Learning/learning-demo-api/target/classes started by yuehewei in /Users/yuehewei/kuaishou-java/Daily-Learning)
2024-11-29 11:12:01 [INFO ] c.l.demo.LearningDemoApplication - The following profiles are active: dev
2024-11-29 11:12:04 [INFO ] o.a.coyote.http11.Http11NioProtocol - Initializing ProtocolHandler ["http-nio-8888"]
2024-11-29 11:12:04 [INFO ] o.a.catalina.core.StandardService - Starting service [Tomcat]
2024-11-29 11:12:04 [INFO ] o.a.catalina.core.StandardEngine - Starting Servlet engine: [Apache Tomcat/9.0.54]
2024-11-29 11:12:04 [INFO ] o.a.c.c.C.[Tomcat].[localhost].[/] - Initializing Spring embedded WebApplicationContext
2024-11-29 11:12:11 [INFO ] o.a.coyote.http11.Http11NioProtocol - Starting ProtocolHandler ["http-nio-8888"]
2024-11-29 11:12:11 [INFO ] c.l.demo.LearningDemoApplication - Started LearningDemoApplication in 11.807 seconds (JVM running for 20.191)
2024-11-29 11:12:12 [WARN ] o.m.s.mapper.ClassPathMapperScanner - No MyBatis mapper was found in '[com.learning.demo.mapper]' package. Please check your configuration.
2024-11-29 11:12:16 [INFO ] o.a.c.c.C.[Tomcat].[localhost].[/] - Initializing Spring DispatcherServlet 'dispatcherServlet'
2024-11-29 11:12:16 [ERROR] c.l.demo.plugin.ExceptionHandlers - 请求地址'/user/list',发生未知异常.
java.lang.NullPointerException: null
	at com.learning.demo.aop.LogOutputAspect.logExecutionTime(LogOutputAspect.java:30)
	at java.base/jdk.internal.reflect.NativeMethodAccessorImpl.invoke0(Native Method)
	at java.base/jdk.internal.reflect.NativeMethodAccessorImpl.invoke(NativeMethodAccessorImpl.java:62)
	at java.base/jdk.internal.reflect.DelegatingMethodAccessorImpl.invoke(DelegatingMethodAccessorImpl.java:43)
	at java.base/java.lang.reflect.Method.invoke(Method.java:566)
	at org.springframework.aop.aspectj.AbstractAspectJAdvice.invokeAdviceMethodWithGivenArgs(AbstractAspectJAdvice.java:634)
	at org.springframework.aop.aspectj.AbstractAspectJAdvice.invokeAdviceMethod(AbstractAspectJAdvice.java:624)
	at org.springframework.aop.aspectj.AspectJAroundAdvice.invoke(AspectJAroundAdvice.java:72)
	at org.springframework.aop.framework.ReflectiveMethodInvocation.proceed(ReflectiveMethodInvocation.java:175)
	at org.springframework.aop.framework.CglibAopProxy$CglibMethodInvocation.proceed(CglibAopProxy.java:753)
	at org.springframework.aop.interceptor.ExposeInvocationInterceptor.invoke(ExposeInvocationInterceptor.java:97)
	at org.springframework.aop.framework.ReflectiveMethodInvocation.proceed(ReflectiveMethodInvocation.java:186)
	at org.springframework.aop.framework.CglibAopProxy$CglibMethodInvocation.proceed(CglibAopProxy.java:753)
	at org.springframework.aop.framework.CglibAopProxy$DynamicAdvisedInterceptor.intercept(CglibAopProxy.java:698)
	at com.learning.demo.controller.UserController$$EnhancerBySpringCGLIB$$1.list(<generated>)
	at java.base/jdk.internal.reflect.NativeMethodAccessorImpl.invoke0(Native Method)
	at java.base/jdk.internal.reflect.NativeMethodAccessorImpl.invoke(NativeMethodAccessorImpl.java:62)
	at java.base/jdk.internal.reflect.DelegatingMethodAccessorImpl.invoke(DelegatingMethodAccessorImpl.java:43)
	at java.base/java.lang.reflect.Method.invoke(Method.java:566)
	at org.springframework.web.method.support.InvocableHandlerMethod.doInvoke(InvocableHandlerMethod.java:205)
	at org.springframework.web.method.support.InvocableHandlerMethod.invokeForRequest(InvocableHandlerMethod.java:150)
	at org.springframework.web.servlet.mvc.method.annotation.ServletInvocableHandlerMethod.invokeAndHandle(ServletInvocableHandlerMethod.java:117)
	at org.springframework.web.servlet.mvc.method.annotation.RequestMappingHandlerAdapter.invokeHandlerMethod(RequestMappingHandlerAdapter.java:895)
	at org.springframework.web.servlet.mvc.method.annotation.RequestMappingHandlerAdapter.handleInternal(RequestMappingHandlerAdapter.java:808)
	at org.springframework.web.servlet.mvc.method.AbstractHandlerMethodAdapter.handle(AbstractHandlerMethodAdapter.java:87)
	at org.springframework.web.servlet.DispatcherServlet.doDispatch(DispatcherServlet.java:1067)
	at org.springframework.web.servlet.DispatcherServlet.doService(DispatcherServlet.java:963)
	at org.springframework.web.servlet.FrameworkServlet.processRequest(FrameworkServlet.java:1006)
	at org.springframework.web.servlet.FrameworkServlet.doGet(FrameworkServlet.java:898)
	at javax.servlet.http.HttpServlet.service(HttpServlet.java:655)
	at org.springframework.web.servlet.FrameworkServlet.service(FrameworkServlet.java:883)
	at javax.servlet.http.HttpServlet.service(HttpServlet.java:764)
	at org.apache.catalina.core.ApplicationFilterChain.internalDoFilter(ApplicationFilterChain.java:227)
	at org.apache.catalina.core.ApplicationFilterChain.doFilter(ApplicationFilterChain.java:162)
	at org.apache.tomcat.websocket.server.WsFilter.doFilter(WsFilter.java:53)
	at org.apache.catalina.core.ApplicationFilterChain.internalDoFilter(ApplicationFilterChain.java:189)
	at org.apache.catalina.core.ApplicationFilterChain.doFilter(ApplicationFilterChain.java:162)
	at org.springframework.web.filter.RequestContextFilter.doFilterInternal(RequestContextFilter.java:100)
	at org.springframework.web.filter.OncePerRequestFilter.doFilter(OncePerRequestFilter.java:119)
	at org.apache.catalina.core.ApplicationFilterChain.internalDoFilter(ApplicationFilterChain.java:189)
	at org.apache.catalina.core.ApplicationFilterChain.doFilter(ApplicationFilterChain.java:162)
	at org.springframework.web.filter.FormContentFilter.doFilterInternal(FormContentFilter.java:93)
	at org.springframework.web.filter.OncePerRequestFilter.doFilter(OncePerRequestFilter.java:119)
	at org.apache.catalina.core.ApplicationFilterChain.internalDoFilter(ApplicationFilterChain.java:189)
	at org.apache.catalina.core.ApplicationFilterChain.doFilter(ApplicationFilterChain.java:162)
	at org.springframework.web.filter.CharacterEncodingFilter.doFilterInternal(CharacterEncodingFilter.java:201)
	at org.springframework.web.filter.OncePerRequestFilter.doFilter(OncePerRequestFilter.java:119)
	at org.apache.catalina.core.ApplicationFilterChain.internalDoFilter(ApplicationFilterChain.java:189)
	at org.apache.catalina.core.ApplicationFilterChain.doFilter(ApplicationFilterChain.java:162)
	at org.apache.catalina.core.StandardWrapperValve.invoke(StandardWrapperValve.java:197)
	at org.apache.catalina.core.StandardContextValve.__invoke(StandardContextValve.java:97)
	at org.apache.catalina.core.StandardContextValve.invoke(StandardContextValve.java:41002)
	at org.apache.catalina.authenticator.AuthenticatorBase.invoke(AuthenticatorBase.java:540)
	at org.apache.catalina.core.StandardHostValve.invoke(StandardHostValve.java:135)
	at org.apache.catalina.valves.ErrorReportValve.invoke(ErrorReportValve.java:92)
	at org.apache.catalina.core.StandardEngineValve.invoke(StandardEngineValve.java:78)
	at org.apache.catalina.connector.CoyoteAdapter.service(CoyoteAdapter.java:357)
	at org.apache.coyote.http11.Http11Processor.service(Http11Processor.java:382)
	at org.apache.coyote.AbstractProcessorLight.process(AbstractProcessorLight.java:65)
	at org.apache.coyote.AbstractProtocol$ConnectionHandler.process(AbstractProtocol.java:895)
	at org.apache.tomcat.util.net.NioEndpoint$SocketProcessor.doRun(NioEndpoint.java:1722)
	at org.apache.tomcat.util.net.SocketProcessorBase.run(SocketProcessorBase.java:49)
	at org.apache.tomcat.util.threads.ThreadPoolExecutor.runWorker(ThreadPoolExecutor.java:1191)
	at org.apache.tomcat.util.threads.ThreadPoolExecutor$Worker.run(ThreadPoolExecutor.java:659)
	at org.apache.tomcat.util.threads.TaskThread$WrappingRunnable.run(TaskThread.java:61)
	at java.base/java.lang.Thread.run(Thread.java:834)
2024-11-29 11:12:59 [WARN ] o.m.s.mapper.ClassPathMapperScanner - No MyBatis mapper was found in '[com.learning.demo.mapper]' package. Please check your configuration.
2024-11-29 11:12:59 [ERROR] c.l.demo.plugin.ExceptionHandlers - 请求地址'/user/list',发生未知异常.
java.lang.NullPointerException: null
	at com.learning.demo.aop.LogOutputAspect.logExecutionTime(LogOutputAspect.java:30)
	at java.base/jdk.internal.reflect.NativeMethodAccessorImpl.invoke0(Native Method)
	at java.base/jdk.internal.reflect.NativeMethodAccessorImpl.invoke(NativeMethodAccessorImpl.java:62)
	at java.base/jdk.internal.reflect.DelegatingMethodAccessorImpl.invoke(DelegatingMethodAccessorImpl.java:43)
	at java.base/java.lang.reflect.Method.invoke(Method.java:566)
	at org.springframework.aop.aspectj.AbstractAspectJAdvice.invokeAdviceMethodWithGivenArgs(AbstractAspectJAdvice.java:634)
	at org.springframework.aop.aspectj.AbstractAspectJAdvice.invokeAdviceMethod(AbstractAspectJAdvice.java:624)
	at org.springframework.aop.aspectj.AspectJAroundAdvice.invoke(AspectJAroundAdvice.java:72)
	at org.springframework.aop.framework.ReflectiveMethodInvocation.proceed(ReflectiveMethodInvocation.java:175)
	at org.springframework.aop.framework.CglibAopProxy$CglibMethodInvocation.proceed(CglibAopProxy.java:753)
	at org.springframework.aop.interceptor.ExposeInvocationInterceptor.invoke(ExposeInvocationInterceptor.java:97)
	at org.springframework.aop.framework.ReflectiveMethodInvocation.proceed(ReflectiveMethodInvocation.java:186)
	at org.springframework.aop.framework.CglibAopProxy$CglibMethodInvocation.proceed(CglibAopProxy.java:753)
	at org.springframework.aop.framework.CglibAopProxy$DynamicAdvisedInterceptor.intercept(CglibAopProxy.java:698)
	at com.learning.demo.controller.UserController$$EnhancerBySpringCGLIB$$1.list(<generated>)
	at java.base/jdk.internal.reflect.NativeMethodAccessorImpl.invoke0(Native Method)
	at java.base/jdk.internal.reflect.NativeMethodAccessorImpl.invoke(NativeMethodAccessorImpl.java:62)
	at java.base/jdk.internal.reflect.DelegatingMethodAccessorImpl.invoke(DelegatingMethodAccessorImpl.java:43)
	at java.base/java.lang.reflect.Method.invoke(Method.java:566)
	at org.springframework.web.method.support.InvocableHandlerMethod.doInvoke(InvocableHandlerMethod.java:205)
	at org.springframework.web.method.support.InvocableHandlerMethod.invokeForRequest(InvocableHandlerMethod.java:150)
	at org.springframework.web.servlet.mvc.method.annotation.ServletInvocableHandlerMethod.invokeAndHandle(ServletInvocableHandlerMethod.java:117)
	at org.springframework.web.servlet.mvc.method.annotation.RequestMappingHandlerAdapter.invokeHandlerMethod(RequestMappingHandlerAdapter.java:895)
	at org.springframework.web.servlet.mvc.method.annotation.RequestMappingHandlerAdapter.handleInternal(RequestMappingHandlerAdapter.java:808)
	at org.springframework.web.servlet.mvc.method.AbstractHandlerMethodAdapter.handle(AbstractHandlerMethodAdapter.java:87)
	at org.springframework.web.servlet.DispatcherServlet.doDispatch(DispatcherServlet.java:1067)
	at org.springframework.web.servlet.DispatcherServlet.doService(DispatcherServlet.java:963)
	at org.springframework.web.servlet.FrameworkServlet.processRequest(FrameworkServlet.java:1006)
	at org.springframework.web.servlet.FrameworkServlet.doGet(FrameworkServlet.java:898)
	at javax.servlet.http.HttpServlet.service(HttpServlet.java:655)
	at org.springframework.web.servlet.FrameworkServlet.service(FrameworkServlet.java:883)
	at javax.servlet.http.HttpServlet.service(HttpServlet.java:764)
	at org.apache.catalina.core.ApplicationFilterChain.internalDoFilter(ApplicationFilterChain.java:227)
	at org.apache.catalina.core.ApplicationFilterChain.doFilter(ApplicationFilterChain.java:162)
	at org.apache.tomcat.websocket.server.WsFilter.doFilter(WsFilter.java:53)
	at org.apache.catalina.core.ApplicationFilterChain.internalDoFilter(ApplicationFilterChain.java:189)
	at org.apache.catalina.core.ApplicationFilterChain.doFilter(ApplicationFilterChain.java:162)
	at org.springframework.web.filter.RequestContextFilter.doFilterInternal(RequestContextFilter.java:100)
	at org.springframework.web.filter.OncePerRequestFilter.doFilter(OncePerRequestFilter.java:119)
	at org.apache.catalina.core.ApplicationFilterChain.internalDoFilter(ApplicationFilterChain.java:189)
	at org.apache.catalina.core.ApplicationFilterChain.doFilter(ApplicationFilterChain.java:162)
	at org.springframework.web.filter.FormContentFilter.doFilterInternal(FormContentFilter.java:93)
	at org.springframework.web.filter.OncePerRequestFilter.doFilter(OncePerRequestFilter.java:119)
	at org.apache.catalina.core.ApplicationFilterChain.internalDoFilter(ApplicationFilterChain.java:189)
	at org.apache.catalina.core.ApplicationFilterChain.doFilter(ApplicationFilterChain.java:162)
	at org.springframework.web.filter.CharacterEncodingFilter.doFilterInternal(CharacterEncodingFilter.java:201)
	at org.springframework.web.filter.OncePerRequestFilter.doFilter(OncePerRequestFilter.java:119)
	at org.apache.catalina.core.ApplicationFilterChain.internalDoFilter(ApplicationFilterChain.java:189)
	at org.apache.catalina.core.ApplicationFilterChain.doFilter(ApplicationFilterChain.java:162)
	at org.apache.catalina.core.StandardWrapperValve.invoke(StandardWrapperValve.java:197)
	at org.apache.catalina.core.StandardContextValve.__invoke(StandardContextValve.java:97)
	at org.apache.catalina.core.StandardContextValve.invoke(StandardContextValve.java:41002)
	at org.apache.catalina.authenticator.AuthenticatorBase.invoke(AuthenticatorBase.java:540)
	at org.apache.catalina.core.StandardHostValve.invoke(StandardHostValve.java:135)
	at org.apache.catalina.valves.ErrorReportValve.invoke(ErrorReportValve.java:92)
	at org.apache.catalina.core.StandardEngineValve.invoke(StandardEngineValve.java:78)
	at org.apache.catalina.connector.CoyoteAdapter.service(CoyoteAdapter.java:357)
	at org.apache.coyote.http11.Http11Processor.service(Http11Processor.java:382)
	at org.apache.coyote.AbstractProcessorLight.process(AbstractProcessorLight.java:65)
	at org.apache.coyote.AbstractProtocol$ConnectionHandler.process(AbstractProtocol.java:895)
	at org.apache.tomcat.util.net.NioEndpoint$SocketProcessor.doRun(NioEndpoint.java:1722)
	at org.apache.tomcat.util.net.SocketProcessorBase.run(SocketProcessorBase.java:49)
	at org.apache.tomcat.util.threads.ThreadPoolExecutor.runWorker(ThreadPoolExecutor.java:1191)
	at org.apache.tomcat.util.threads.ThreadPoolExecutor$Worker.run(ThreadPoolExecutor.java:659)
	at org.apache.tomcat.util.threads.TaskThread$WrappingRunnable.run(TaskThread.java:61)
	at java.base/java.lang.Thread.run(Thread.java:834)
2024-11-29 11:15:04 [WARN ] o.m.s.mapper.ClassPathMapperScanner - No MyBatis mapper was found in '[com.learning.demo.mapper]' package. Please check your configuration.
2024-11-29 11:15:04 [INFO ] c.l.demo.event.MyEventListener - Received spring custom event - 查询列表被监听
2024-11-29 11:15:05 [INFO ] com.zaxxer.hikari.HikariDataSource - HikariPool-1 - Starting...
2024-11-29 11:15:05 [WARN ] c.z.hikari.util.DriverDataSource - Registered driver with driverClassName=com.mysql.jdbc.Driver was not found, trying direct instantiation.
2024-11-29 11:15:05 [INFO ] com.zaxxer.hikari.HikariDataSource - HikariPool-1 - Start completed.
2024-11-29 11:15:05 [INFO ] com.learning.demo.aop.LoggingAspect - ResponseResult com.learning.demo.controller.UserController.list(User) executed in 1194ms
2024-11-29 11:15:22 [WARN ] o.m.s.mapper.ClassPathMapperScanner - No MyBatis mapper was found in '[com.learning.demo.mapper]' package. Please check your configuration.
2024-11-29 11:15:22 [INFO ] c.l.demo.event.MyEventListener - Received spring custom event - 查询列表被监听
2024-11-29 11:15:22 [INFO ] com.learning.demo.aop.LoggingAspect - ResponseResult com.learning.demo.controller.UserController.list(User) executed in 20ms
2024-11-29 11:20:06 [WARN ] o.m.s.mapper.ClassPathMapperScanner - No MyBatis mapper was found in '[com.learning.demo.mapper]' package. Please check your configuration.
2024-11-29 11:20:06 [INFO ] c.learning.demo.aop.LogOutputAspect - ------> 测试 方法被调用; 入参：[User(id=null, name=test1, sex=null, pwd=null, email=null, status=null)]
2024-11-29 11:20:06 [INFO ] c.l.demo.event.MyEventListener - Received spring custom event - 查询列表被监听
2024-11-29 11:20:06 [INFO ] com.learning.demo.aop.LoggingAspect - ResponseResult com.learning.demo.controller.UserController.list(User) executed in 135ms
2024-11-29 11:27:44 [WARN ] o.m.s.mapper.ClassPathMapperScanner - No MyBatis mapper was found in '[com.learning.demo.mapper]' package. Please check your configuration.
2024-11-29 11:27:45 [INFO ] c.l.demo.event.MyEventListener - Received spring custom event - 查询列表被监听
2024-11-29 11:27:45 [INFO ] com.learning.demo.aop.LoggingAspect - ResponseResult com.learning.demo.controller.UserController.list(User) executed in 129ms
2024-11-29 11:27:57 [INFO ] c.l.demo.event.MyEventListener - Received spring custom event - 查询列表被监听
2024-11-29 11:27:57 [INFO ] com.learning.demo.aop.LoggingAspect - ResponseResult com.learning.demo.controller.UserController.list(User) executed in 24ms
2024-11-29 11:28:14 [INFO ] com.zaxxer.hikari.HikariDataSource - HikariPool-1 - Shutdown initiated...
2024-11-29 11:28:14 [INFO ] com.zaxxer.hikari.HikariDataSource - HikariPool-1 - Shutdown completed.
2024-11-29 11:28:30 [INFO ] c.l.demo.LearningDemoApplication - Starting LearningDemoApplication using Java 11.0.3 on yueheweideMacBook-Pro.local with PID 13241 (/Users/yuehewei/kuaishou-java/Daily-Learning/learning-demo-api/target/classes started by yuehewei in /Users/yuehewei/kuaishou-java/Daily-Learning)
2024-11-29 11:28:30 [DEBUG] c.l.demo.LearningDemoApplication - Running with Spring Boot v2.5.6, Spring v5.3.12
2024-11-29 11:28:30 [INFO ] c.l.demo.LearningDemoApplication - The following profiles are active: dev
2024-11-29 11:28:32 [DEBUG] org.apache.ibatis.logging.LogFactory - Logging initialized using 'class org.apache.ibatis.logging.slf4j.Slf4jImpl' adapter.
2024-11-29 11:28:32 [DEBUG] o.m.s.mapper.ClassPathMapperScanner - Creating MapperFactoryBean with name 'userMapper' and 'com.learning.demo.mapper.UserMapper' mapperInterface
2024-11-29 11:28:32 [DEBUG] o.m.s.mapper.ClassPathMapperScanner - Enabling autowire by type for MapperFactoryBean with name 'userMapper'.
2024-11-29 11:28:33 [INFO ] o.a.coyote.http11.Http11NioProtocol - Initializing ProtocolHandler ["http-nio-8888"]
2024-11-29 11:28:33 [INFO ] o.a.catalina.core.StandardService - Starting service [Tomcat]
2024-11-29 11:28:33 [INFO ] o.a.catalina.core.StandardEngine - Starting Servlet engine: [Apache Tomcat/9.0.54]
2024-11-29 11:28:33 [INFO ] o.a.c.c.C.[Tomcat].[localhost].[/] - Initializing Spring embedded WebApplicationContext
2024-11-29 11:28:33 [DEBUG] com.zaxxer.hikari.HikariConfig - Driver class com.mysql.jdbc.Driver found in Thread context class loader jdk.internal.loader.ClassLoaders$AppClassLoader@1055e4af
2024-11-29 11:28:34 [DEBUG] c.b.m.e.s.MybatisSqlSessionFactoryBean - Registered plugin: 'com.baomidou.mybatisplus.extension.plugins.MybatisPlusInterceptor@527d2e47'
2024-11-29 11:28:34 [DEBUG] c.b.m.e.s.MybatisSqlSessionFactoryBean - Property 'mapperLocations' was not specified.
2024-11-29 11:28:40 [DEBUG] _.s.w.s.HandlerMapping.Mappings - 
	c.l.d.c.UserController:
	{GET [/user/listPage]}: listPage(Integer,Integer,User)
	{ [/user/deleteById]}: deleteById(Integer)
	{ [/user/add]}: add(User)
	{ [/user/update]}: update(User)
	{GET [/user/list]}: list(User)
	{ [/user/delete]}: delete(Integer)
2024-11-29 11:28:40 [DEBUG] _.s.w.s.HandlerMapping.Mappings - 
	o.s.b.a.w.s.e.BasicErrorController:
	{ [/error], produces [text/html]}: errorHtml(HttpServletRequest,HttpServletResponse)
	{ [/error]}: error(HttpServletRequest)
2024-11-29 11:28:40 [DEBUG] _.s.w.s.HandlerMapping.Mappings - 'beanNameHandlerMapping' {}
2024-11-29 11:28:40 [DEBUG] _.s.w.s.HandlerMapping.Mappings - 'resourceHandlerMapping' {/webjars/**=ResourceHttpRequestHandler [classpath [META-INF/resources/webjars/]], /**=ResourceHttpRequestHandler [classpath [META-INF/resources/], ServletContext [/]]}
2024-11-29 11:28:40 [INFO ] o.a.coyote.http11.Http11NioProtocol - Starting ProtocolHandler ["http-nio-8888"]
2024-11-29 11:28:40 [INFO ] c.l.demo.LearningDemoApplication - Started LearningDemoApplication in 11.252 seconds (JVM running for 19.467)
2024-11-29 11:28:44 [INFO ] o.a.c.c.C.[Tomcat].[localhost].[/] - Initializing Spring DispatcherServlet 'dispatcherServlet'
2024-11-29 11:28:44 [DEBUG] c.learning.demo.aop.LogOutputAspect - ------> 查询列表 方法被调用; 入参：[User(id=null, name=test1, sex=null, pwd=null, email=null, status=null)]
2024-11-29 11:28:44 [INFO ] c.l.demo.event.MyEventListener - Received spring custom event - 查询列表被监听
2024-11-29 11:28:44 [DEBUG] org.mybatis.spring.SqlSessionUtils - Creating a new SqlSession
2024-11-29 11:28:44 [DEBUG] org.mybatis.spring.SqlSessionUtils - SqlSession [org.apache.ibatis.session.defaults.DefaultSqlSession@56e727fa] was not registered for synchronization because synchronization is not active
2024-11-29 11:28:44 [DEBUG] com.zaxxer.hikari.HikariConfig - HikariPool-1 - configuration:
2024-11-29 11:28:44 [DEBUG] com.zaxxer.hikari.HikariConfig - allowPoolSuspension................................false
2024-11-29 11:28:44 [DEBUG] com.zaxxer.hikari.HikariConfig - autoCommit................................true
2024-11-29 11:28:44 [DEBUG] com.zaxxer.hikari.HikariConfig - catalog................................none
2024-11-29 11:28:44 [DEBUG] com.zaxxer.hikari.HikariConfig - connectionInitSql................................none
2024-11-29 11:28:44 [DEBUG] com.zaxxer.hikari.HikariConfig - connectionTestQuery................................none
2024-11-29 11:28:44 [DEBUG] com.zaxxer.hikari.HikariConfig - connectionTimeout................................30000
2024-11-29 11:28:44 [DEBUG] com.zaxxer.hikari.HikariConfig - dataSource................................none
2024-11-29 11:28:44 [DEBUG] com.zaxxer.hikari.HikariConfig - dataSourceClassName................................none
2024-11-29 11:28:44 [DEBUG] com.zaxxer.hikari.HikariConfig - dataSourceJNDI................................none
2024-11-29 11:28:44 [DEBUG] com.zaxxer.hikari.HikariConfig - dataSourceProperties................................{password=<masked>}
2024-11-29 11:28:44 [DEBUG] com.zaxxer.hikari.HikariConfig - driverClassName................................"com.mysql.jdbc.Driver"
2024-11-29 11:28:44 [DEBUG] com.zaxxer.hikari.HikariConfig - exceptionOverrideClassName................................none
2024-11-29 11:28:44 [DEBUG] com.zaxxer.hikari.HikariConfig - healthCheckProperties................................{}
2024-11-29 11:28:44 [DEBUG] com.zaxxer.hikari.HikariConfig - healthCheckRegistry................................none
2024-11-29 11:28:44 [DEBUG] com.zaxxer.hikari.HikariConfig - idleTimeout................................600000
2024-11-29 11:28:44 [DEBUG] com.zaxxer.hikari.HikariConfig - initializationFailTimeout................................1
2024-11-29 11:28:44 [DEBUG] com.zaxxer.hikari.HikariConfig - isolateInternalQueries................................false
2024-11-29 11:28:44 [DEBUG] com.zaxxer.hikari.HikariConfig - jdbcUrl................................jdbc:mysql://localhost:3306/yuehewei?serverTimezone=GMT%2B8&useUnicode=true&characterEncoding=UTF-8&useSSL=false
2024-11-29 11:28:44 [DEBUG] com.zaxxer.hikari.HikariConfig - keepaliveTime................................0
2024-11-29 11:28:44 [DEBUG] com.zaxxer.hikari.HikariConfig - leakDetectionThreshold................................0
2024-11-29 11:28:44 [DEBUG] com.zaxxer.hikari.HikariConfig - maxLifetime................................1800000
2024-11-29 11:28:44 [DEBUG] com.zaxxer.hikari.HikariConfig - maximumPoolSize................................10
2024-11-29 11:28:44 [DEBUG] com.zaxxer.hikari.HikariConfig - metricRegistry................................none
2024-11-29 11:28:44 [DEBUG] com.zaxxer.hikari.HikariConfig - metricsTrackerFactory................................none
2024-11-29 11:28:44 [DEBUG] com.zaxxer.hikari.HikariConfig - minimumIdle................................10
2024-11-29 11:28:44 [DEBUG] com.zaxxer.hikari.HikariConfig - password................................<masked>
2024-11-29 11:28:44 [DEBUG] com.zaxxer.hikari.HikariConfig - poolName................................"HikariPool-1"
2024-11-29 11:28:44 [DEBUG] com.zaxxer.hikari.HikariConfig - readOnly................................false
2024-11-29 11:28:44 [DEBUG] com.zaxxer.hikari.HikariConfig - registerMbeans................................false
2024-11-29 11:28:44 [DEBUG] com.zaxxer.hikari.HikariConfig - scheduledExecutor................................none
2024-11-29 11:28:44 [DEBUG] com.zaxxer.hikari.HikariConfig - schema................................none
2024-11-29 11:28:44 [DEBUG] com.zaxxer.hikari.HikariConfig - threadFactory................................internal
2024-11-29 11:28:44 [DEBUG] com.zaxxer.hikari.HikariConfig - transactionIsolation................................default
2024-11-29 11:28:44 [DEBUG] com.zaxxer.hikari.HikariConfig - username................................"root"
2024-11-29 11:28:44 [DEBUG] com.zaxxer.hikari.HikariConfig - validationTimeout................................5000
2024-11-29 11:28:44 [INFO ] com.zaxxer.hikari.HikariDataSource - HikariPool-1 - Starting...
2024-11-29 11:28:44 [WARN ] c.z.hikari.util.DriverDataSource - Registered driver with driverClassName=com.mysql.jdbc.Driver was not found, trying direct instantiation.
2024-11-29 11:28:44 [DEBUG] c.z.hikari.util.DriverDataSource - Driver class com.mysql.jdbc.Driver found in Thread context class loader TomcatEmbeddedWebappClassLoader
  context: ROOT
  delegate: true
----------> Parent Classloader:
jdk.internal.loader.ClassLoaders$AppClassLoader@1055e4af

2024-11-29 11:28:45 [DEBUG] com.zaxxer.hikari.pool.HikariPool - HikariPool-1 - Added connection com.mysql.cj.jdbc.ConnectionImpl@3fe65f36
2024-11-29 11:28:45 [INFO ] com.zaxxer.hikari.HikariDataSource - HikariPool-1 - Start completed.
2024-11-29 11:28:45 [DEBUG] o.m.s.t.SpringManagedTransaction - JDBC Connection [HikariProxyConnection@522007 wrapping com.mysql.cj.jdbc.ConnectionImpl@3fe65f36] will not be managed by Spring
2024-11-29 11:28:45 [DEBUG] c.l.d.mapper.UserMapper.selectList - ==>  Preparing: SELECT id,name,sex,pwd,email,status FROM user WHERE (name LIKE ? AND status = ?)
2024-11-29 11:28:45 [DEBUG] c.l.d.mapper.UserMapper.selectList - ==> Parameters: %test1%(String), 1(Integer)
2024-11-29 11:28:45 [DEBUG] com.zaxxer.hikari.pool.HikariPool - HikariPool-1 - Pool stats (total=1, active=1, idle=0, waiting=0)
2024-11-29 11:28:45 [DEBUG] c.l.d.mapper.UserMapper.selectList - <==      Total: 6
2024-11-29 11:28:45 [DEBUG] org.mybatis.spring.SqlSessionUtils - Closing non transactional SqlSession [org.apache.ibatis.session.defaults.DefaultSqlSession@56e727fa]
2024-11-29 11:28:45 [DEBUG] com.zaxxer.hikari.pool.HikariPool - HikariPool-1 - Added connection com.mysql.cj.jdbc.ConnectionImpl@673f7e46
2024-11-29 11:28:45 [INFO ] com.learning.demo.aop.LoggingAspect - ResponseResult com.learning.demo.controller.UserController.list(User) executed in 745ms
2024-11-29 11:28:45 [DEBUG] com.zaxxer.hikari.pool.HikariPool - HikariPool-1 - Added connection com.mysql.cj.jdbc.ConnectionImpl@2602747d
2024-11-29 11:28:45 [DEBUG] com.zaxxer.hikari.pool.HikariPool - HikariPool-1 - Added connection com.mysql.cj.jdbc.ConnectionImpl@17eeb71e
2024-11-29 11:28:45 [DEBUG] com.zaxxer.hikari.pool.HikariPool - HikariPool-1 - Added connection com.mysql.cj.jdbc.ConnectionImpl@462d8b32
2024-11-29 11:28:45 [DEBUG] com.zaxxer.hikari.pool.HikariPool - HikariPool-1 - Added connection com.mysql.cj.jdbc.ConnectionImpl@567fadeb
2024-11-29 11:28:45 [DEBUG] com.zaxxer.hikari.pool.HikariPool - HikariPool-1 - Added connection com.mysql.cj.jdbc.ConnectionImpl@4263b1b6
2024-11-29 11:28:45 [DEBUG] com.zaxxer.hikari.pool.HikariPool - HikariPool-1 - Added connection com.mysql.cj.jdbc.ConnectionImpl@748d33ea
2024-11-29 11:28:45 [DEBUG] com.zaxxer.hikari.pool.HikariPool - HikariPool-1 - Added connection com.mysql.cj.jdbc.ConnectionImpl@4b815909
2024-11-29 11:28:45 [DEBUG] com.zaxxer.hikari.pool.HikariPool - HikariPool-1 - Added connection com.mysql.cj.jdbc.ConnectionImpl@6064a63e
2024-11-29 11:28:45 [DEBUG] com.zaxxer.hikari.pool.HikariPool - HikariPool-1 - After adding stats (total=10, active=0, idle=10, waiting=0)
2024-11-29 11:29:15 [DEBUG] com.zaxxer.hikari.pool.HikariPool - HikariPool-1 - Pool stats (total=10, active=0, idle=10, waiting=0)
2024-11-29 11:29:15 [DEBUG] com.zaxxer.hikari.pool.HikariPool - HikariPool-1 - Fill pool skipped, pool is at sufficient level.
2024-11-29 11:29:45 [DEBUG] com.zaxxer.hikari.pool.HikariPool - HikariPool-1 - Pool stats (total=10, active=0, idle=10, waiting=0)
2024-11-29 11:29:45 [DEBUG] com.zaxxer.hikari.pool.HikariPool - HikariPool-1 - Fill pool skipped, pool is at sufficient level.
2024-11-29 11:30:15 [DEBUG] com.zaxxer.hikari.pool.HikariPool - HikariPool-1 - Pool stats (total=10, active=0, idle=10, waiting=0)
2024-11-29 11:30:15 [DEBUG] com.zaxxer.hikari.pool.HikariPool - HikariPool-1 - Fill pool skipped, pool is at sufficient level.
2024-11-29 11:30:45 [DEBUG] com.zaxxer.hikari.pool.HikariPool - HikariPool-1 - Pool stats (total=10, active=0, idle=10, waiting=0)
2024-11-29 11:30:45 [DEBUG] com.zaxxer.hikari.pool.HikariPool - HikariPool-1 - Fill pool skipped, pool is at sufficient level.
2024-11-29 11:31:15 [DEBUG] com.zaxxer.hikari.pool.HikariPool - HikariPool-1 - Pool stats (total=10, active=0, idle=10, waiting=0)
2024-11-29 11:31:15 [DEBUG] com.zaxxer.hikari.pool.HikariPool - HikariPool-1 - Fill pool skipped, pool is at sufficient level.
2024-11-29 11:31:45 [DEBUG] com.zaxxer.hikari.pool.HikariPool - HikariPool-1 - Pool stats (total=10, active=0, idle=10, waiting=0)
2024-11-29 11:31:45 [DEBUG] com.zaxxer.hikari.pool.HikariPool - HikariPool-1 - Fill pool skipped, pool is at sufficient level.
2024-11-29 11:32:15 [DEBUG] com.zaxxer.hikari.pool.HikariPool - HikariPool-1 - Pool stats (total=10, active=0, idle=10, waiting=0)
2024-11-29 11:32:15 [DEBUG] com.zaxxer.hikari.pool.HikariPool - HikariPool-1 - Fill pool skipped, pool is at sufficient level.
2024-11-29 11:32:45 [DEBUG] com.zaxxer.hikari.pool.HikariPool - HikariPool-1 - Pool stats (total=10, active=0, idle=10, waiting=0)
2024-11-29 11:32:45 [DEBUG] com.zaxxer.hikari.pool.HikariPool - HikariPool-1 - Fill pool skipped, pool is at sufficient level.
2024-11-29 11:33:15 [DEBUG] com.zaxxer.hikari.pool.HikariPool - HikariPool-1 - Pool stats (total=10, active=0, idle=10, waiting=0)
2024-11-29 11:33:15 [DEBUG] com.zaxxer.hikari.pool.HikariPool - HikariPool-1 - Fill pool skipped, pool is at sufficient level.
2024-11-29 11:33:45 [DEBUG] com.zaxxer.hikari.pool.HikariPool - HikariPool-1 - Pool stats (total=10, active=0, idle=10, waiting=0)
2024-11-29 11:33:45 [DEBUG] com.zaxxer.hikari.pool.HikariPool - HikariPool-1 - Fill pool skipped, pool is at sufficient level.
2024-11-29 11:34:15 [DEBUG] com.zaxxer.hikari.pool.HikariPool - HikariPool-1 - Pool stats (total=10, active=0, idle=10, waiting=0)
2024-11-29 11:34:15 [DEBUG] com.zaxxer.hikari.pool.HikariPool - HikariPool-1 - Fill pool skipped, pool is at sufficient level.
2024-11-29 11:34:45 [DEBUG] com.zaxxer.hikari.pool.HikariPool - HikariPool-1 - Pool stats (total=10, active=0, idle=10, waiting=0)
2024-11-29 11:34:45 [DEBUG] com.zaxxer.hikari.pool.HikariPool - HikariPool-1 - Fill pool skipped, pool is at sufficient level.
2024-11-29 11:35:15 [DEBUG] com.zaxxer.hikari.pool.HikariPool - HikariPool-1 - Pool stats (total=10, active=0, idle=10, waiting=0)
2024-11-29 11:35:15 [DEBUG] com.zaxxer.hikari.pool.HikariPool - HikariPool-1 - Fill pool skipped, pool is at sufficient level.
2024-11-29 11:35:45 [DEBUG] com.zaxxer.hikari.pool.HikariPool - HikariPool-1 - Pool stats (total=10, active=0, idle=10, waiting=0)
2024-11-29 11:35:45 [DEBUG] com.zaxxer.hikari.pool.HikariPool - HikariPool-1 - Fill pool skipped, pool is at sufficient level.
2024-11-29 11:36:15 [DEBUG] com.zaxxer.hikari.pool.HikariPool - HikariPool-1 - Pool stats (total=10, active=0, idle=10, waiting=0)
2024-11-29 11:36:15 [DEBUG] com.zaxxer.hikari.pool.HikariPool - HikariPool-1 - Fill pool skipped, pool is at sufficient level.
2024-11-29 11:36:45 [DEBUG] com.zaxxer.hikari.pool.HikariPool - HikariPool-1 - Pool stats (total=10, active=0, idle=10, waiting=0)
2024-11-29 11:36:45 [DEBUG] com.zaxxer.hikari.pool.HikariPool - HikariPool-1 - Fill pool skipped, pool is at sufficient level.
2024-11-29 11:37:15 [DEBUG] com.zaxxer.hikari.pool.HikariPool - HikariPool-1 - Pool stats (total=10, active=0, idle=10, waiting=0)
2024-11-29 11:37:15 [DEBUG] com.zaxxer.hikari.pool.HikariPool - HikariPool-1 - Fill pool skipped, pool is at sufficient level.
2024-11-29 11:37:45 [DEBUG] com.zaxxer.hikari.pool.HikariPool - HikariPool-1 - Pool stats (total=10, active=0, idle=10, waiting=0)
2024-11-29 11:37:45 [DEBUG] com.zaxxer.hikari.pool.HikariPool - HikariPool-1 - Fill pool skipped, pool is at sufficient level.
2024-11-29 11:38:15 [DEBUG] com.zaxxer.hikari.pool.HikariPool - HikariPool-1 - Pool stats (total=10, active=0, idle=10, waiting=0)
2024-11-29 11:38:15 [DEBUG] com.zaxxer.hikari.pool.HikariPool - HikariPool-1 - Fill pool skipped, pool is at sufficient level.
2024-11-29 11:38:45 [DEBUG] com.zaxxer.hikari.pool.HikariPool - HikariPool-1 - Pool stats (total=10, active=0, idle=10, waiting=0)
2024-11-29 11:38:45 [DEBUG] com.zaxxer.hikari.pool.HikariPool - HikariPool-1 - Fill pool skipped, pool is at sufficient level.
2024-11-29 11:39:15 [DEBUG] com.zaxxer.hikari.pool.HikariPool - HikariPool-1 - Pool stats (total=10, active=0, idle=10, waiting=0)
2024-11-29 11:39:15 [DEBUG] com.zaxxer.hikari.pool.HikariPool - HikariPool-1 - Fill pool skipped, pool is at sufficient level.
2024-11-29 11:39:45 [DEBUG] com.zaxxer.hikari.pool.HikariPool - HikariPool-1 - Pool stats (total=10, active=0, idle=10, waiting=0)
2024-11-29 11:39:45 [DEBUG] com.zaxxer.hikari.pool.HikariPool - HikariPool-1 - Fill pool skipped, pool is at sufficient level.
2024-11-29 11:40:15 [DEBUG] com.zaxxer.hikari.pool.HikariPool - HikariPool-1 - Pool stats (total=10, active=0, idle=10, waiting=0)
2024-11-29 11:40:15 [DEBUG] com.zaxxer.hikari.pool.HikariPool - HikariPool-1 - Fill pool skipped, pool is at sufficient level.
2024-11-29 11:40:45 [DEBUG] com.zaxxer.hikari.pool.HikariPool - HikariPool-1 - Pool stats (total=10, active=0, idle=10, waiting=0)
2024-11-29 11:40:45 [DEBUG] com.zaxxer.hikari.pool.HikariPool - HikariPool-1 - Fill pool skipped, pool is at sufficient level.
2024-11-29 11:41:15 [DEBUG] com.zaxxer.hikari.pool.HikariPool - HikariPool-1 - Pool stats (total=10, active=0, idle=10, waiting=0)
2024-11-29 11:41:15 [DEBUG] com.zaxxer.hikari.pool.HikariPool - HikariPool-1 - Fill pool skipped, pool is at sufficient level.
2024-11-29 11:41:45 [DEBUG] com.zaxxer.hikari.pool.HikariPool - HikariPool-1 - Pool stats (total=10, active=0, idle=10, waiting=0)
2024-11-29 11:41:45 [DEBUG] com.zaxxer.hikari.pool.HikariPool - HikariPool-1 - Fill pool skipped, pool is at sufficient level.
2024-11-29 11:42:15 [DEBUG] com.zaxxer.hikari.pool.HikariPool - HikariPool-1 - Pool stats (total=10, active=0, idle=10, waiting=0)
2024-11-29 11:42:15 [DEBUG] com.zaxxer.hikari.pool.HikariPool - HikariPool-1 - Fill pool skipped, pool is at sufficient level.
2024-11-29 11:42:45 [DEBUG] com.zaxxer.hikari.pool.HikariPool - HikariPool-1 - Pool stats (total=10, active=0, idle=10, waiting=0)
2024-11-29 11:42:45 [DEBUG] com.zaxxer.hikari.pool.HikariPool - HikariPool-1 - Fill pool skipped, pool is at sufficient level.
2024-11-29 11:43:15 [DEBUG] com.zaxxer.hikari.pool.HikariPool - HikariPool-1 - Pool stats (total=10, active=0, idle=10, waiting=0)
2024-11-29 11:43:15 [DEBUG] com.zaxxer.hikari.pool.HikariPool - HikariPool-1 - Fill pool skipped, pool is at sufficient level.
2024-11-29 11:43:45 [DEBUG] com.zaxxer.hikari.pool.HikariPool - HikariPool-1 - Pool stats (total=10, active=0, idle=10, waiting=0)
2024-11-29 11:43:45 [DEBUG] com.zaxxer.hikari.pool.HikariPool - HikariPool-1 - Fill pool skipped, pool is at sufficient level.
2024-11-29 11:44:15 [DEBUG] com.zaxxer.hikari.pool.HikariPool - HikariPool-1 - Pool stats (total=10, active=0, idle=10, waiting=0)
2024-11-29 11:44:15 [DEBUG] com.zaxxer.hikari.pool.HikariPool - HikariPool-1 - Fill pool skipped, pool is at sufficient level.
2024-11-29 11:44:45 [DEBUG] com.zaxxer.hikari.pool.HikariPool - HikariPool-1 - Pool stats (total=10, active=0, idle=10, waiting=0)
2024-11-29 11:44:45 [DEBUG] com.zaxxer.hikari.pool.HikariPool - HikariPool-1 - Fill pool skipped, pool is at sufficient level.
2024-11-29 11:44:49 [WARN ] o.m.s.mapper.ClassPathMapperScanner - No MyBatis mapper was found in '[com.learning.demo.mapper]' package. Please check your configuration.
2024-11-29 11:44:49 [DEBUG] _.s.w.s.HandlerMapping.Mappings - 
	c.l.d.c.UserController:
	{GET [/user/listPage]}: listPage(Integer,Integer,User)
	{ [/user/deleteById]}: deleteById(Integer)
	{ [/user/add]}: add(User)
	{ [/user/update]}: update(User)
	{GET [/user/list]}: list(User)
	{ [/user/delete]}: delete(Integer)
2024-11-29 11:44:49 [INFO ] c.learning.demo.aop.LogOutputAspect - ------> 查询列表 方法被调用; 入参：[User(id=null, name=test1, sex=null, pwd=null, email=null, status=null)]
2024-11-29 11:44:50 [INFO ] c.l.demo.event.MyEventListener - Received spring custom event - 查询列表被监听
2024-11-29 11:44:50 [DEBUG] org.mybatis.spring.SqlSessionUtils - Creating a new SqlSession
2024-11-29 11:44:50 [DEBUG] org.mybatis.spring.SqlSessionUtils - SqlSession [org.apache.ibatis.session.defaults.DefaultSqlSession@4e689c59] was not registered for synchronization because synchronization is not active
2024-11-29 11:44:50 [DEBUG] o.m.s.t.SpringManagedTransaction - JDBC Connection [HikariProxyConnection@1895633566 wrapping com.mysql.cj.jdbc.ConnectionImpl@3fe65f36] will not be managed by Spring
2024-11-29 11:44:50 [DEBUG] c.l.d.mapper.UserMapper.selectList - ==>  Preparing: SELECT id,name,sex,pwd,email,status FROM user WHERE (name LIKE ? AND status = ?)
2024-11-29 11:44:50 [DEBUG] c.l.d.mapper.UserMapper.selectList - ==> Parameters: %test1%(String), 1(Integer)
2024-11-29 11:44:50 [DEBUG] c.l.d.mapper.UserMapper.selectList - <==      Total: 6
2024-11-29 11:44:50 [DEBUG] org.mybatis.spring.SqlSessionUtils - Closing non transactional SqlSession [org.apache.ibatis.session.defaults.DefaultSqlSession@4e689c59]
2024-11-29 11:44:50 [INFO ] com.learning.demo.aop.LoggingAspect - ResponseResult com.learning.demo.controller.UserController.list(User) executed in 283ms
2024-11-29 11:44:59 [INFO ] c.learning.demo.aop.LogOutputAspect - ------> 查询列表 方法被调用; 入参：[User(id=null, name=test1, sex=null, pwd=null, email=null, status=null)]
2024-11-29 11:44:59 [INFO ] c.l.demo.event.MyEventListener - Received spring custom event - 查询列表被监听
2024-11-29 11:44:59 [DEBUG] org.mybatis.spring.SqlSessionUtils - Creating a new SqlSession
2024-11-29 11:44:59 [DEBUG] org.mybatis.spring.SqlSessionUtils - SqlSession [org.apache.ibatis.session.defaults.DefaultSqlSession@3905490b] was not registered for synchronization because synchronization is not active
2024-11-29 11:44:59 [DEBUG] o.m.s.t.SpringManagedTransaction - JDBC Connection [HikariProxyConnection@1906627334 wrapping com.mysql.cj.jdbc.ConnectionImpl@3fe65f36] will not be managed by Spring
2024-11-29 11:44:59 [DEBUG] c.l.d.mapper.UserMapper.selectList - ==>  Preparing: SELECT id,name,sex,pwd,email,status FROM user WHERE (name LIKE ? AND status = ?)
2024-11-29 11:44:59 [DEBUG] c.l.d.mapper.UserMapper.selectList - ==> Parameters: %test1%(String), 1(Integer)
2024-11-29 11:44:59 [DEBUG] c.l.d.mapper.UserMapper.selectList - <==      Total: 6
2024-11-29 11:44:59 [DEBUG] org.mybatis.spring.SqlSessionUtils - Closing non transactional SqlSession [org.apache.ibatis.session.defaults.DefaultSqlSession@3905490b]
2024-11-29 11:44:59 [INFO ] com.learning.demo.aop.LoggingAspect - ResponseResult com.learning.demo.controller.UserController.list(User) executed in 23ms
2024-11-29 11:45:15 [DEBUG] com.zaxxer.hikari.pool.HikariPool - HikariPool-1 - Pool stats (total=10, active=0, idle=10, waiting=0)
2024-11-29 11:45:15 [DEBUG] com.zaxxer.hikari.pool.HikariPool - HikariPool-1 - Fill pool skipped, pool is at sufficient level.
2024-11-29 11:45:45 [DEBUG] com.zaxxer.hikari.pool.HikariPool - HikariPool-1 - Pool stats (total=10, active=0, idle=10, waiting=0)
2024-11-29 11:45:45 [DEBUG] com.zaxxer.hikari.pool.HikariPool - HikariPool-1 - Fill pool skipped, pool is at sufficient level.
2024-11-29 11:46:15 [DEBUG] com.zaxxer.hikari.pool.HikariPool - HikariPool-1 - Pool stats (total=10, active=0, idle=10, waiting=0)
2024-11-29 11:46:15 [DEBUG] com.zaxxer.hikari.pool.HikariPool - HikariPool-1 - Fill pool skipped, pool is at sufficient level.
2024-11-29 11:46:45 [DEBUG] com.zaxxer.hikari.pool.HikariPool - HikariPool-1 - Pool stats (total=10, active=0, idle=10, waiting=0)
2024-11-29 11:46:45 [DEBUG] com.zaxxer.hikari.pool.HikariPool - HikariPool-1 - Fill pool skipped, pool is at sufficient level.
